{"/home/vital/Education/frontend-project-46/src/index.js": {"path":"/home/vital/Education/frontend-project-46/src/index.js","all":false,"statementMap":{"0":{"start":{"line":1,"column":0},"end":{"line":1,"column":30}},"1":{"start":{"line":2,"column":0},"end":{"line":2,"column":29}},"2":{"start":{"line":3,"column":0},"end":{"line":3,"column":39}},"3":{"start":{"line":4,"column":0},"end":{"line":4,"column":53}},"4":{"start":{"line":5,"column":0},"end":{"line":5,"column":43}},"5":{"start":{"line":6,"column":0},"end":{"line":6,"column":46}},"6":{"start":{"line":7,"column":0},"end":{"line":7,"column":0}},"7":{"start":{"line":8,"column":0},"end":{"line":8,"column":63}},"8":{"start":{"line":9,"column":0},"end":{"line":9,"column":70}},"9":{"start":{"line":10,"column":0},"end":{"line":10,"column":68}},"10":{"start":{"line":11,"column":0},"end":{"line":11,"column":0}},"11":{"start":{"line":12,"column":0},"end":{"line":12,"column":70}},"12":{"start":{"line":13,"column":0},"end":{"line":13,"column":68}},"13":{"start":{"line":14,"column":0},"end":{"line":14,"column":0}},"14":{"start":{"line":15,"column":0},"end":{"line":15,"column":44}},"15":{"start":{"line":16,"column":0},"end":{"line":16,"column":44}},"16":{"start":{"line":17,"column":0},"end":{"line":17,"column":0}},"17":{"start":{"line":18,"column":0},"end":{"line":18,"column":38}},"18":{"start":{"line":19,"column":0},"end":{"line":19,"column":33}},"19":{"start":{"line":20,"column":0},"end":{"line":20,"column":2}},"20":{"start":{"line":21,"column":0},"end":{"line":21,"column":0}},"21":{"start":{"line":22,"column":0},"end":{"line":22,"column":23}}},"s":{"0":1,"1":1,"2":1,"3":1,"4":1,"5":1,"6":1,"7":1,"8":6,"9":6,"10":6,"11":6,"12":6,"13":6,"14":6,"15":6,"16":6,"17":6,"18":6,"19":6,"20":1,"21":1},"branchMap":{"0":{"type":"branch","line":8,"loc":{"start":{"line":8,"column":16},"end":{"line":20,"column":2}},"locations":[{"start":{"line":8,"column":16},"end":{"line":20,"column":2}}]}},"b":{"0":[6]},"fnMap":{"0":{"name":"gendiff","decl":{"start":{"line":8,"column":16},"end":{"line":20,"column":2}},"loc":{"start":{"line":8,"column":16},"end":{"line":20,"column":2}},"line":8}},"f":{"0":6}}
,"/home/vital/Education/frontend-project-46/src/formatters/index.js": {"path":"/home/vital/Education/frontend-project-46/src/formatters/index.js","all":false,"statementMap":{"0":{"start":{"line":1,"column":0},"end":{"line":1,"column":54}},"1":{"start":{"line":2,"column":0},"end":{"line":2,"column":50}},"2":{"start":{"line":3,"column":0},"end":{"line":3,"column":48}},"3":{"start":{"line":4,"column":0},"end":{"line":4,"column":0}},"4":{"start":{"line":5,"column":0},"end":{"line":5,"column":41}},"5":{"start":{"line":6,"column":0},"end":{"line":6,"column":19}},"6":{"start":{"line":7,"column":0},"end":{"line":7,"column":19}},"7":{"start":{"line":8,"column":0},"end":{"line":8,"column":40}},"8":{"start":{"line":9,"column":0},"end":{"line":9,"column":17}},"9":{"start":{"line":10,"column":0},"end":{"line":10,"column":38}},"10":{"start":{"line":11,"column":0},"end":{"line":11,"column":16}},"11":{"start":{"line":12,"column":0},"end":{"line":12,"column":37}},"12":{"start":{"line":13,"column":0},"end":{"line":13,"column":12}},"13":{"start":{"line":14,"column":0},"end":{"line":14,"column":56}},"14":{"start":{"line":15,"column":0},"end":{"line":15,"column":3}},"15":{"start":{"line":16,"column":0},"end":{"line":16,"column":2}},"16":{"start":{"line":17,"column":0},"end":{"line":17,"column":0}},"17":{"start":{"line":18,"column":0},"end":{"line":18,"column":25}}},"s":{"0":1,"1":1,"2":1,"3":1,"4":1,"5":6,"6":6,"7":2,"8":6,"9":2,"10":6,"11":2,"12":6,"13":0,"14":6,"15":6,"16":1,"17":1},"branchMap":{"0":{"type":"branch","line":5,"loc":{"start":{"line":5,"column":18},"end":{"line":16,"column":2}},"locations":[{"start":{"line":5,"column":18},"end":{"line":16,"column":2}}]},"1":{"type":"branch","line":7,"loc":{"start":{"line":7,"column":4},"end":{"line":8,"column":40}},"locations":[{"start":{"line":7,"column":4},"end":{"line":8,"column":40}}]},"2":{"type":"branch","line":9,"loc":{"start":{"line":9,"column":4},"end":{"line":10,"column":38}},"locations":[{"start":{"line":9,"column":4},"end":{"line":10,"column":38}}]},"3":{"type":"branch","line":11,"loc":{"start":{"line":11,"column":4},"end":{"line":12,"column":37}},"locations":[{"start":{"line":11,"column":4},"end":{"line":12,"column":37}}]},"4":{"type":"branch","line":13,"loc":{"start":{"line":13,"column":4},"end":{"line":14,"column":56}},"locations":[{"start":{"line":13,"column":4},"end":{"line":14,"column":56}}]}},"b":{"0":[6],"1":[2],"2":[2],"3":[2],"4":[0]},"fnMap":{"0":{"name":"formatter","decl":{"start":{"line":5,"column":18},"end":{"line":16,"column":2}},"loc":{"start":{"line":5,"column":18},"end":{"line":16,"column":2}},"line":5}},"f":{"0":6}}
,"/home/vital/Education/frontend-project-46/src/formatters/json-formatter.js": {"path":"/home/vital/Education/frontend-project-46/src/formatters/json-formatter.js","all":false,"statementMap":{"0":{"start":{"line":1,"column":0},"end":{"line":1,"column":73}},"1":{"start":{"line":2,"column":0},"end":{"line":2,"column":0}},"2":{"start":{"line":3,"column":0},"end":{"line":3,"column":29}}},"s":{"0":1,"1":1,"2":1},"branchMap":{"0":{"type":"branch","line":1,"loc":{"start":{"line":1,"column":23},"end":{"line":1,"column":72}},"locations":[{"start":{"line":1,"column":23},"end":{"line":1,"column":72}}]}},"b":{"0":[2]},"fnMap":{"0":{"name":"jsonFormatter","decl":{"start":{"line":1,"column":23},"end":{"line":1,"column":72}},"loc":{"start":{"line":1,"column":23},"end":{"line":1,"column":72}},"line":1}},"f":{"0":2}}
,"/home/vital/Education/frontend-project-46/src/formatters/plain-formatter.js": {"path":"/home/vital/Education/frontend-project-46/src/formatters/plain-formatter.js","all":false,"statementMap":{"0":{"start":{"line":1,"column":0},"end":{"line":1,"column":23}},"1":{"start":{"line":2,"column":0},"end":{"line":2,"column":0}},"2":{"start":{"line":3,"column":0},"end":{"line":3,"column":88}},"3":{"start":{"line":4,"column":0},"end":{"line":4,"column":0}},"4":{"start":{"line":5,"column":0},"end":{"line":5,"column":30}},"5":{"start":{"line":6,"column":0},"end":{"line":6,"column":26}},"6":{"start":{"line":7,"column":0},"end":{"line":7,"column":29}},"7":{"start":{"line":8,"column":0},"end":{"line":8,"column":3}},"8":{"start":{"line":9,"column":0},"end":{"line":9,"column":26}},"9":{"start":{"line":10,"column":0},"end":{"line":10,"column":24}},"10":{"start":{"line":11,"column":0},"end":{"line":11,"column":3}},"11":{"start":{"line":12,"column":0},"end":{"line":12,"column":20}},"12":{"start":{"line":13,"column":0},"end":{"line":13,"column":2}},"13":{"start":{"line":14,"column":0},"end":{"line":14,"column":0}},"14":{"start":{"line":15,"column":0},"end":{"line":15,"column":38}},"15":{"start":{"line":16,"column":0},"end":{"line":16,"column":32}},"16":{"start":{"line":17,"column":0},"end":{"line":17,"column":60}},"17":{"start":{"line":18,"column":0},"end":{"line":18,"column":42}},"18":{"start":{"line":19,"column":0},"end":{"line":19,"column":23}},"19":{"start":{"line":20,"column":0},"end":{"line":20,"column":26}},"20":{"start":{"line":21,"column":0},"end":{"line":21,"column":20}},"21":{"start":{"line":22,"column":0},"end":{"line":22,"column":9}},"22":{"start":{"line":23,"column":0},"end":{"line":23,"column":27}},"23":{"start":{"line":24,"column":0},"end":{"line":24,"column":38}},"24":{"start":{"line":25,"column":0},"end":{"line":25,"column":9}},"25":{"start":{"line":26,"column":0},"end":{"line":26,"column":21}},"26":{"start":{"line":27,"column":0},"end":{"line":27,"column":83}},"27":{"start":{"line":28,"column":0},"end":{"line":28,"column":9}},"28":{"start":{"line":29,"column":0},"end":{"line":29,"column":24}},"29":{"start":{"line":30,"column":0},"end":{"line":30,"column":53}},"30":{"start":{"line":31,"column":0},"end":{"line":31,"column":9}},"31":{"start":{"line":32,"column":0},"end":{"line":32,"column":24}},"32":{"start":{"line":33,"column":0},"end":{"line":33,"column":122}},"33":{"start":{"line":34,"column":0},"end":{"line":34,"column":9}},"34":{"start":{"line":35,"column":0},"end":{"line":35,"column":16}},"35":{"start":{"line":36,"column":0},"end":{"line":36,"column":20}},"36":{"start":{"line":37,"column":0},"end":{"line":37,"column":7}},"37":{"start":{"line":38,"column":0},"end":{"line":38,"column":7}},"38":{"start":{"line":39,"column":0},"end":{"line":39,"column":28}},"39":{"start":{"line":40,"column":0},"end":{"line":40,"column":4}},"40":{"start":{"line":41,"column":0},"end":{"line":41,"column":28}},"41":{"start":{"line":42,"column":0},"end":{"line":42,"column":2}},"42":{"start":{"line":43,"column":0},"end":{"line":43,"column":0}},"43":{"start":{"line":44,"column":0},"end":{"line":44,"column":30}}},"s":{"0":1,"1":1,"2":1,"3":1,"4":1,"5":26,"6":6,"7":6,"8":26,"9":14,"10":14,"11":6,"12":6,"13":1,"14":1,"15":2,"16":10,"17":36,"18":36,"19":36,"20":6,"21":6,"22":36,"23":8,"24":8,"25":36,"26":10,"27":10,"28":36,"29":4,"30":4,"31":36,"32":8,"33":8,"34":36,"35":0,"36":36,"37":10,"38":10,"39":2,"40":2,"41":2,"42":1,"43":1},"branchMap":{"0":{"type":"branch","line":3,"loc":{"start":{"line":3,"column":17},"end":{"line":3,"column":87}},"locations":[{"start":{"line":3,"column":17},"end":{"line":3,"column":87}}]},"1":{"type":"branch","line":3,"loc":{"start":{"line":3,"column":48},"end":{"line":3,"column":58}},"locations":[{"start":{"line":3,"column":48},"end":{"line":3,"column":58}}]},"2":{"type":"branch","line":3,"loc":{"start":{"line":3,"column":58},"end":{"line":3,"column":87}},"locations":[{"start":{"line":3,"column":58},"end":{"line":3,"column":87}}]},"3":{"type":"branch","line":5,"loc":{"start":{"line":5,"column":19},"end":{"line":13,"column":2}},"locations":[{"start":{"line":5,"column":19},"end":{"line":13,"column":2}}]},"4":{"type":"branch","line":6,"loc":{"start":{"line":6,"column":25},"end":{"line":8,"column":3}},"locations":[{"start":{"line":6,"column":25},"end":{"line":8,"column":3}}]},"5":{"type":"branch","line":8,"loc":{"start":{"line":8,"column":2},"end":{"line":9,"column":25}},"locations":[{"start":{"line":8,"column":2},"end":{"line":9,"column":25}}]},"6":{"type":"branch","line":9,"loc":{"start":{"line":9,"column":25},"end":{"line":11,"column":3}},"locations":[{"start":{"line":9,"column":25},"end":{"line":11,"column":3}}]},"7":{"type":"branch","line":11,"loc":{"start":{"line":11,"column":2},"end":{"line":13,"column":2}},"locations":[{"start":{"line":11,"column":2},"end":{"line":13,"column":2}}]},"8":{"type":"branch","line":15,"loc":{"start":{"line":15,"column":24},"end":{"line":42,"column":2}},"locations":[{"start":{"line":15,"column":24},"end":{"line":42,"column":2}}]},"9":{"type":"branch","line":16,"loc":{"start":{"line":16,"column":15},"end":{"line":40,"column":3}},"locations":[{"start":{"line":16,"column":15},"end":{"line":40,"column":3}}]},"10":{"type":"branch","line":17,"loc":{"start":{"line":17,"column":31},"end":{"line":38,"column":5}},"locations":[{"start":{"line":17,"column":31},"end":{"line":38,"column":5}}]},"11":{"type":"branch","line":20,"loc":{"start":{"line":20,"column":8},"end":{"line":22,"column":9}},"locations":[{"start":{"line":20,"column":8},"end":{"line":22,"column":9}}]},"12":{"type":"branch","line":23,"loc":{"start":{"line":23,"column":8},"end":{"line":25,"column":9}},"locations":[{"start":{"line":23,"column":8},"end":{"line":25,"column":9}}]},"13":{"type":"branch","line":26,"loc":{"start":{"line":26,"column":8},"end":{"line":28,"column":9}},"locations":[{"start":{"line":26,"column":8},"end":{"line":28,"column":9}}]},"14":{"type":"branch","line":29,"loc":{"start":{"line":29,"column":8},"end":{"line":31,"column":9}},"locations":[{"start":{"line":29,"column":8},"end":{"line":31,"column":9}}]},"15":{"type":"branch","line":32,"loc":{"start":{"line":32,"column":8},"end":{"line":34,"column":9}},"locations":[{"start":{"line":32,"column":8},"end":{"line":34,"column":9}}]},"16":{"type":"branch","line":35,"loc":{"start":{"line":35,"column":8},"end":{"line":36,"column":20}},"locations":[{"start":{"line":35,"column":8},"end":{"line":36,"column":20}}]}},"b":{"0":[36],"1":[8],"2":[28],"3":[26],"4":[6],"5":[20],"6":[14],"7":[6],"8":[2],"9":[10],"10":[36],"11":[6],"12":[8],"13":[10],"14":[4],"15":[8],"16":[0]},"fnMap":{"0":{"name":"givePath","decl":{"start":{"line":3,"column":17},"end":{"line":3,"column":87}},"loc":{"start":{"line":3,"column":17},"end":{"line":3,"column":87}},"line":3},"1":{"name":"giveValue","decl":{"start":{"line":5,"column":19},"end":{"line":13,"column":2}},"loc":{"start":{"line":5,"column":19},"end":{"line":13,"column":2}},"line":5},"2":{"name":"formatterPlain","decl":{"start":{"line":15,"column":24},"end":{"line":42,"column":2}},"loc":{"start":{"line":15,"column":24},"end":{"line":42,"column":2}},"line":15},"3":{"name":"iter","decl":{"start":{"line":16,"column":15},"end":{"line":40,"column":3}},"loc":{"start":{"line":16,"column":15},"end":{"line":40,"column":3}},"line":16}},"f":{"0":36,"1":26,"2":2,"3":10}}
,"/home/vital/Education/frontend-project-46/src/formatters/stylish-formatter.js": {"path":"/home/vital/Education/frontend-project-46/src/formatters/stylish-formatter.js","all":false,"statementMap":{"0":{"start":{"line":1,"column":0},"end":{"line":1,"column":23}},"1":{"start":{"line":2,"column":0},"end":{"line":2,"column":0}},"2":{"start":{"line":3,"column":0},"end":{"line":3,"column":19}},"3":{"start":{"line":4,"column":0},"end":{"line":4,"column":19}},"4":{"start":{"line":5,"column":0},"end":{"line":5,"column":14}},"5":{"start":{"line":6,"column":0},"end":{"line":6,"column":17}},"6":{"start":{"line":7,"column":0},"end":{"line":7,"column":20}},"7":{"start":{"line":8,"column":0},"end":{"line":8,"column":17}},"8":{"start":{"line":9,"column":0},"end":{"line":9,"column":2}},"9":{"start":{"line":10,"column":0},"end":{"line":10,"column":0}},"10":{"start":{"line":11,"column":0},"end":{"line":11,"column":40}},"11":{"start":{"line":12,"column":0},"end":{"line":12,"column":48}},"12":{"start":{"line":13,"column":0},"end":{"line":13,"column":26}},"13":{"start":{"line":14,"column":0},"end":{"line":14,"column":36}},"14":{"start":{"line":15,"column":0},"end":{"line":15,"column":116}},"15":{"start":{"line":16,"column":0},"end":{"line":16,"column":12}},"16":{"start":{"line":17,"column":0},"end":{"line":17,"column":10}},"17":{"start":{"line":18,"column":0},"end":{"line":18,"column":15}},"18":{"start":{"line":19,"column":0},"end":{"line":19,"column":19}},"19":{"start":{"line":20,"column":0},"end":{"line":20,"column":17}},"20":{"start":{"line":21,"column":0},"end":{"line":21,"column":3}},"21":{"start":{"line":22,"column":0},"end":{"line":22,"column":15}},"22":{"start":{"line":23,"column":0},"end":{"line":23,"column":2}},"23":{"start":{"line":24,"column":0},"end":{"line":24,"column":0}},"24":{"start":{"line":25,"column":0},"end":{"line":25,"column":40}},"25":{"start":{"line":26,"column":0},"end":{"line":26,"column":33}},"26":{"start":{"line":27,"column":0},"end":{"line":27,"column":50}},"27":{"start":{"line":28,"column":0},"end":{"line":28,"column":37}},"28":{"start":{"line":29,"column":0},"end":{"line":29,"column":39}},"29":{"start":{"line":30,"column":0},"end":{"line":30,"column":92}},"30":{"start":{"line":31,"column":0},"end":{"line":31,"column":7}},"31":{"start":{"line":32,"column":0},"end":{"line":32,"column":36}},"32":{"start":{"line":33,"column":0},"end":{"line":33,"column":113}},"33":{"start":{"line":34,"column":0},"end":{"line":34,"column":109}},"34":{"start":{"line":35,"column":0},"end":{"line":35,"column":37}},"35":{"start":{"line":36,"column":0},"end":{"line":36,"column":7}},"36":{"start":{"line":37,"column":0},"end":{"line":37,"column":98}},"37":{"start":{"line":38,"column":0},"end":{"line":38,"column":7}},"38":{"start":{"line":39,"column":0},"end":{"line":39,"column":12}},"39":{"start":{"line":40,"column":0},"end":{"line":40,"column":10}},"40":{"start":{"line":41,"column":0},"end":{"line":41,"column":15}},"41":{"start":{"line":42,"column":0},"end":{"line":42,"column":19}},"42":{"start":{"line":43,"column":0},"end":{"line":43,"column":17}},"43":{"start":{"line":44,"column":0},"end":{"line":44,"column":4}},"44":{"start":{"line":45,"column":0},"end":{"line":45,"column":0}},"45":{"start":{"line":46,"column":0},"end":{"line":46,"column":27}},"46":{"start":{"line":47,"column":0},"end":{"line":47,"column":2}},"47":{"start":{"line":48,"column":0},"end":{"line":48,"column":0}},"48":{"start":{"line":49,"column":0},"end":{"line":49,"column":32}}},"s":{"0":1,"1":1,"2":1,"3":1,"4":1,"5":1,"6":1,"7":1,"8":1,"9":1,"10":1,"11":54,"12":54,"13":14,"14":14,"15":14,"16":14,"17":14,"18":14,"19":14,"20":14,"21":40,"22":40,"23":1,"24":1,"25":2,"26":10,"27":10,"28":36,"29":8,"30":8,"31":36,"32":8,"33":8,"34":8,"35":8,"36":20,"37":10,"38":10,"39":10,"40":10,"41":10,"42":10,"43":2,"44":2,"45":2,"46":2,"47":1,"48":1},"branchMap":{"0":{"type":"branch","line":11,"loc":{"start":{"line":11,"column":21},"end":{"line":23,"column":2}},"locations":[{"start":{"line":11,"column":21},"end":{"line":23,"column":2}}]},"1":{"type":"branch","line":13,"loc":{"start":{"line":13,"column":25},"end":{"line":21,"column":3}},"locations":[{"start":{"line":13,"column":25},"end":{"line":21,"column":3}}]},"2":{"type":"branch","line":21,"loc":{"start":{"line":21,"column":2},"end":{"line":23,"column":2}},"locations":[{"start":{"line":21,"column":2},"end":{"line":23,"column":2}}]},"3":{"type":"branch","line":15,"loc":{"start":{"line":15,"column":28},"end":{"line":15,"column":114}},"locations":[{"start":{"line":15,"column":28},"end":{"line":15,"column":114}}]},"4":{"type":"branch","line":25,"loc":{"start":{"line":25,"column":26},"end":{"line":47,"column":2}},"locations":[{"start":{"line":25,"column":26},"end":{"line":47,"column":2}}]},"5":{"type":"branch","line":26,"loc":{"start":{"line":26,"column":15},"end":{"line":44,"column":3}},"locations":[{"start":{"line":26,"column":15},"end":{"line":44,"column":3}}]},"6":{"type":"branch","line":28,"loc":{"start":{"line":28,"column":28},"end":{"line":38,"column":5}},"locations":[{"start":{"line":28,"column":28},"end":{"line":38,"column":5}}]},"7":{"type":"branch","line":29,"loc":{"start":{"line":29,"column":38},"end":{"line":31,"column":7}},"locations":[{"start":{"line":29,"column":38},"end":{"line":31,"column":7}}]},"8":{"type":"branch","line":31,"loc":{"start":{"line":31,"column":6},"end":{"line":32,"column":35}},"locations":[{"start":{"line":31,"column":6},"end":{"line":32,"column":35}}]},"9":{"type":"branch","line":32,"loc":{"start":{"line":32,"column":35},"end":{"line":36,"column":7}},"locations":[{"start":{"line":32,"column":35},"end":{"line":36,"column":7}}]},"10":{"type":"branch","line":36,"loc":{"start":{"line":36,"column":6},"end":{"line":38,"column":5}},"locations":[{"start":{"line":36,"column":6},"end":{"line":38,"column":5}}]}},"b":{"0":[54],"1":[14],"2":[40],"3":[18],"4":[2],"5":[10],"6":[36],"7":[8],"8":[28],"9":[8],"10":[20]},"fnMap":{"0":{"name":"displayValue","decl":{"start":{"line":11,"column":21},"end":{"line":23,"column":2}},"loc":{"start":{"line":11,"column":21},"end":{"line":23,"column":2}},"line":11},"1":{"name":"formatterStylish","decl":{"start":{"line":25,"column":26},"end":{"line":47,"column":2}},"loc":{"start":{"line":25,"column":26},"end":{"line":47,"column":2}},"line":25},"2":{"name":"iter","decl":{"start":{"line":26,"column":15},"end":{"line":44,"column":3}},"loc":{"start":{"line":26,"column":15},"end":{"line":44,"column":3}},"line":26}},"f":{"0":54,"1":2,"2":10}}
,"/home/vital/Education/frontend-project-46/src/utils/diffTree.js": {"path":"/home/vital/Education/frontend-project-46/src/utils/diffTree.js","all":false,"statementMap":{"0":{"start":{"line":1,"column":0},"end":{"line":1,"column":23}},"1":{"start":{"line":2,"column":0},"end":{"line":2,"column":0}},"2":{"start":{"line":3,"column":0},"end":{"line":3,"column":36}},"3":{"start":{"line":4,"column":0},"end":{"line":4,"column":35}},"4":{"start":{"line":5,"column":0},"end":{"line":5,"column":36}},"5":{"start":{"line":6,"column":0},"end":{"line":6,"column":36}},"6":{"start":{"line":7,"column":0},"end":{"line":7,"column":49}},"7":{"start":{"line":8,"column":0},"end":{"line":8,"column":41}},"8":{"start":{"line":9,"column":0},"end":{"line":9,"column":38}},"9":{"start":{"line":10,"column":0},"end":{"line":10,"column":56}},"10":{"start":{"line":11,"column":0},"end":{"line":11,"column":7}},"11":{"start":{"line":12,"column":0},"end":{"line":12,"column":38}},"12":{"start":{"line":13,"column":0},"end":{"line":13,"column":59}},"13":{"start":{"line":14,"column":0},"end":{"line":14,"column":7}},"14":{"start":{"line":15,"column":0},"end":{"line":15,"column":59}},"15":{"start":{"line":16,"column":0},"end":{"line":16,"column":82}},"16":{"start":{"line":17,"column":0},"end":{"line":17,"column":7}},"17":{"start":{"line":18,"column":0},"end":{"line":18,"column":36}},"18":{"start":{"line":19,"column":0},"end":{"line":19,"column":61}},"19":{"start":{"line":20,"column":0},"end":{"line":20,"column":7}},"20":{"start":{"line":21,"column":0},"end":{"line":21,"column":94}},"21":{"start":{"line":22,"column":0},"end":{"line":22,"column":7}},"22":{"start":{"line":23,"column":0},"end":{"line":23,"column":21}},"23":{"start":{"line":24,"column":0},"end":{"line":24,"column":4}},"24":{"start":{"line":25,"column":0},"end":{"line":25,"column":0}},"25":{"start":{"line":26,"column":0},"end":{"line":26,"column":31}},"26":{"start":{"line":27,"column":0},"end":{"line":27,"column":2}},"27":{"start":{"line":28,"column":0},"end":{"line":28,"column":0}},"28":{"start":{"line":29,"column":0},"end":{"line":29,"column":24}}},"s":{"0":1,"1":1,"2":1,"3":6,"4":30,"5":30,"6":30,"7":30,"8":108,"9":30,"10":30,"11":108,"12":12,"13":12,"14":108,"15":24,"16":24,"17":108,"18":18,"19":18,"20":24,"21":30,"22":30,"23":6,"24":6,"25":6,"26":6,"27":1,"28":1},"branchMap":{"0":{"type":"branch","line":3,"loc":{"start":{"line":3,"column":17},"end":{"line":27,"column":2}},"locations":[{"start":{"line":3,"column":17},"end":{"line":27,"column":2}}]},"1":{"type":"branch","line":4,"loc":{"start":{"line":4,"column":18},"end":{"line":24,"column":3}},"locations":[{"start":{"line":4,"column":18},"end":{"line":24,"column":3}}]},"2":{"type":"branch","line":8,"loc":{"start":{"line":8,"column":32},"end":{"line":22,"column":5}},"locations":[{"start":{"line":8,"column":32},"end":{"line":22,"column":5}}]},"3":{"type":"branch","line":9,"loc":{"start":{"line":9,"column":37},"end":{"line":11,"column":7}},"locations":[{"start":{"line":9,"column":37},"end":{"line":11,"column":7}}]},"4":{"type":"branch","line":11,"loc":{"start":{"line":11,"column":6},"end":{"line":12,"column":37}},"locations":[{"start":{"line":11,"column":6},"end":{"line":12,"column":37}}]},"5":{"type":"branch","line":12,"loc":{"start":{"line":12,"column":37},"end":{"line":14,"column":7}},"locations":[{"start":{"line":12,"column":37},"end":{"line":14,"column":7}}]},"6":{"type":"branch","line":14,"loc":{"start":{"line":14,"column":6},"end":{"line":15,"column":35}},"locations":[{"start":{"line":14,"column":6},"end":{"line":15,"column":35}}]},"7":{"type":"branch","line":15,"loc":{"start":{"line":15,"column":31},"end":{"line":15,"column":56}},"locations":[{"start":{"line":15,"column":31},"end":{"line":15,"column":56}}]},"8":{"type":"branch","line":15,"loc":{"start":{"line":15,"column":58},"end":{"line":17,"column":7}},"locations":[{"start":{"line":15,"column":58},"end":{"line":17,"column":7}}]},"9":{"type":"branch","line":17,"loc":{"start":{"line":17,"column":6},"end":{"line":18,"column":35}},"locations":[{"start":{"line":17,"column":6},"end":{"line":18,"column":35}}]},"10":{"type":"branch","line":18,"loc":{"start":{"line":18,"column":35},"end":{"line":20,"column":7}},"locations":[{"start":{"line":18,"column":35},"end":{"line":20,"column":7}}]},"11":{"type":"branch","line":20,"loc":{"start":{"line":20,"column":6},"end":{"line":22,"column":5}},"locations":[{"start":{"line":20,"column":6},"end":{"line":22,"column":5}}]}},"b":{"0":[6],"1":[30],"2":[108],"3":[30],"4":[78],"5":[12],"6":[66],"7":[30],"8":[24],"9":[42],"10":[18],"11":[24]},"fnMap":{"0":{"name":"diffTree","decl":{"start":{"line":3,"column":17},"end":{"line":27,"column":2}},"loc":{"start":{"line":3,"column":17},"end":{"line":27,"column":2}},"line":3},"1":{"name":"newTree","decl":{"start":{"line":4,"column":18},"end":{"line":24,"column":3}},"loc":{"start":{"line":4,"column":18},"end":{"line":24,"column":3}},"line":4}},"f":{"0":6,"1":30}}
,"/home/vital/Education/frontend-project-46/src/utils/normalizePath.js": {"path":"/home/vital/Education/frontend-project-46/src/utils/normalizePath.js","all":false,"statementMap":{"0":{"start":{"line":1,"column":0},"end":{"line":1,"column":29}},"1":{"start":{"line":2,"column":0},"end":{"line":2,"column":35}},"2":{"start":{"line":3,"column":0},"end":{"line":3,"column":0}},"3":{"start":{"line":4,"column":0},"end":{"line":4,"column":40}},"4":{"start":{"line":5,"column":0},"end":{"line":5,"column":53}},"5":{"start":{"line":6,"column":0},"end":{"line":6,"column":45}},"6":{"start":{"line":7,"column":0},"end":{"line":7,"column":2}},"7":{"start":{"line":8,"column":0},"end":{"line":8,"column":0}},"8":{"start":{"line":9,"column":0},"end":{"line":9,"column":29}}},"s":{"0":1,"1":1,"2":1,"3":1,"4":12,"5":12,"6":12,"7":1,"8":1},"branchMap":{"0":{"type":"branch","line":4,"loc":{"start":{"line":4,"column":23},"end":{"line":7,"column":2}},"locations":[{"start":{"line":4,"column":23},"end":{"line":7,"column":2}}]}},"b":{"0":[12]},"fnMap":{"0":{"name":"normalizePath","decl":{"start":{"line":4,"column":23},"end":{"line":7,"column":2}},"loc":{"start":{"line":4,"column":23},"end":{"line":7,"column":2}},"line":4}},"f":{"0":12}}
,"/home/vital/Education/frontend-project-46/src/utils/parsers.js": {"path":"/home/vital/Education/frontend-project-46/src/utils/parsers.js","all":false,"statementMap":{"0":{"start":{"line":1,"column":0},"end":{"line":1,"column":27}},"1":{"start":{"line":2,"column":0},"end":{"line":2,"column":0}},"2":{"start":{"line":3,"column":0},"end":{"line":3,"column":39}},"3":{"start":{"line":4,"column":0},"end":{"line":4,"column":22}},"4":{"start":{"line":5,"column":0},"end":{"line":5,"column":16}},"5":{"start":{"line":6,"column":0},"end":{"line":6,"column":33}},"6":{"start":{"line":7,"column":0},"end":{"line":7,"column":16}},"7":{"start":{"line":8,"column":0},"end":{"line":8,"column":15}},"8":{"start":{"line":9,"column":0},"end":{"line":9,"column":32}},"9":{"start":{"line":10,"column":0},"end":{"line":10,"column":12}},"10":{"start":{"line":11,"column":0},"end":{"line":11,"column":62}},"11":{"start":{"line":12,"column":0},"end":{"line":12,"column":3}},"12":{"start":{"line":13,"column":0},"end":{"line":13,"column":2}},"13":{"start":{"line":14,"column":0},"end":{"line":14,"column":0}},"14":{"start":{"line":15,"column":0},"end":{"line":15,"column":21}}},"s":{"0":1,"1":1,"2":1,"3":12,"4":12,"5":6,"6":12,"7":12,"8":6,"9":12,"10":0,"11":12,"12":12,"13":1,"14":1},"branchMap":{"0":{"type":"branch","line":3,"loc":{"start":{"line":3,"column":14},"end":{"line":13,"column":2}},"locations":[{"start":{"line":3,"column":14},"end":{"line":13,"column":2}}]},"1":{"type":"branch","line":5,"loc":{"start":{"line":5,"column":4},"end":{"line":6,"column":33}},"locations":[{"start":{"line":5,"column":4},"end":{"line":6,"column":33}}]},"2":{"type":"branch","line":7,"loc":{"start":{"line":7,"column":4},"end":{"line":7,"column":16}},"locations":[{"start":{"line":7,"column":4},"end":{"line":7,"column":16}}]},"3":{"type":"branch","line":8,"loc":{"start":{"line":8,"column":4},"end":{"line":9,"column":32}},"locations":[{"start":{"line":8,"column":4},"end":{"line":9,"column":32}}]},"4":{"type":"branch","line":10,"loc":{"start":{"line":10,"column":4},"end":{"line":11,"column":62}},"locations":[{"start":{"line":10,"column":4},"end":{"line":11,"column":62}}]}},"b":{"0":[12],"1":[6],"2":[0],"3":[6],"4":[0]},"fnMap":{"0":{"name":"parse","decl":{"start":{"line":3,"column":14},"end":{"line":13,"column":2}},"loc":{"start":{"line":3,"column":14},"end":{"line":13,"column":2}},"line":3}},"f":{"0":12}}
}
