TN:
SF:src/index.js
FN:8,gendiff
FNF:1
FNH:1
FNDA:6,gendiff
DA:1,1
DA:2,1
DA:3,1
DA:4,1
DA:5,1
DA:6,1
DA:7,1
DA:8,1
DA:9,6
DA:10,6
DA:11,6
DA:12,6
DA:13,6
DA:14,6
DA:15,6
DA:16,6
DA:17,6
DA:18,6
DA:19,6
DA:20,6
DA:21,1
DA:22,1
LF:22
LH:22
BRDA:8,0,0,6
BRF:1
BRH:1
end_of_record
TN:
SF:src/formatters/index.js
FN:5,formatter
FNF:1
FNH:1
FNDA:6,formatter
DA:1,1
DA:2,1
DA:3,1
DA:4,1
DA:5,1
DA:6,6
DA:7,6
DA:8,2
DA:9,6
DA:10,2
DA:11,6
DA:12,2
DA:13,6
DA:14,0
DA:15,6
DA:16,6
DA:17,1
DA:18,1
LF:18
LH:17
BRDA:5,0,0,6
BRDA:7,1,0,2
BRDA:9,2,0,2
BRDA:11,3,0,2
BRDA:13,4,0,0
BRF:5
BRH:4
end_of_record
TN:
SF:src/formatters/json-formatter.js
FN:1,jsonFormatter
FNF:1
FNH:1
FNDA:2,jsonFormatter
DA:1,1
DA:2,1
DA:3,1
LF:3
LH:3
BRDA:1,0,0,2
BRF:1
BRH:1
end_of_record
TN:
SF:src/formatters/plain-formatter.js
FN:3,givePath
FN:5,giveValue
FN:15,formatterPlain
FN:16,iter
FNF:4
FNH:4
FNDA:36,givePath
FNDA:26,giveValue
FNDA:2,formatterPlain
FNDA:10,iter
DA:1,1
DA:2,1
DA:3,1
DA:4,1
DA:5,1
DA:6,26
DA:7,6
DA:8,6
DA:9,26
DA:10,14
DA:11,14
DA:12,6
DA:13,6
DA:14,1
DA:15,1
DA:16,2
DA:17,10
DA:18,36
DA:19,36
DA:20,36
DA:21,6
DA:22,6
DA:23,36
DA:24,8
DA:25,8
DA:26,36
DA:27,10
DA:28,10
DA:29,36
DA:30,4
DA:31,4
DA:32,36
DA:33,8
DA:34,8
DA:35,36
DA:36,0
DA:37,36
DA:38,10
DA:39,10
DA:40,2
DA:41,2
DA:42,2
DA:43,1
DA:44,1
LF:44
LH:43
BRDA:3,0,0,36
BRDA:3,1,0,8
BRDA:3,2,0,28
BRDA:5,3,0,26
BRDA:6,4,0,6
BRDA:8,5,0,20
BRDA:9,6,0,14
BRDA:11,7,0,6
BRDA:15,8,0,2
BRDA:16,9,0,10
BRDA:17,10,0,36
BRDA:20,11,0,6
BRDA:23,12,0,8
BRDA:26,13,0,10
BRDA:29,14,0,4
BRDA:32,15,0,8
BRDA:35,16,0,0
BRF:17
BRH:16
end_of_record
TN:
SF:src/formatters/stylish-formatter.js
FN:11,displayValue
FN:25,formatterStylish
FN:26,iter
FNF:3
FNH:3
FNDA:54,displayValue
FNDA:2,formatterStylish
FNDA:10,iter
DA:1,1
DA:2,1
DA:3,1
DA:4,1
DA:5,1
DA:6,1
DA:7,1
DA:8,1
DA:9,1
DA:10,1
DA:11,1
DA:12,54
DA:13,54
DA:14,14
DA:15,14
DA:16,14
DA:17,14
DA:18,14
DA:19,14
DA:20,14
DA:21,14
DA:22,40
DA:23,40
DA:24,1
DA:25,1
DA:26,2
DA:27,10
DA:28,10
DA:29,36
DA:30,8
DA:31,8
DA:32,36
DA:33,8
DA:34,8
DA:35,8
DA:36,8
DA:37,20
DA:38,10
DA:39,10
DA:40,10
DA:41,10
DA:42,10
DA:43,10
DA:44,2
DA:45,2
DA:46,2
DA:47,2
DA:48,1
DA:49,1
LF:49
LH:49
BRDA:11,0,0,54
BRDA:13,1,0,14
BRDA:21,2,0,40
BRDA:15,3,0,18
BRDA:25,4,0,2
BRDA:26,5,0,10
BRDA:28,6,0,36
BRDA:29,7,0,8
BRDA:31,8,0,28
BRDA:32,9,0,8
BRDA:36,10,0,20
BRF:11
BRH:11
end_of_record
TN:
SF:src/utils/diffTree.js
FN:3,diffTree
FN:4,newTree
FNF:2
FNH:2
FNDA:6,diffTree
FNDA:30,newTree
DA:1,1
DA:2,1
DA:3,1
DA:4,6
DA:5,30
DA:6,30
DA:7,30
DA:8,30
DA:9,108
DA:10,30
DA:11,30
DA:12,108
DA:13,12
DA:14,12
DA:15,108
DA:16,24
DA:17,24
DA:18,108
DA:19,18
DA:20,18
DA:21,24
DA:22,30
DA:23,30
DA:24,6
DA:25,6
DA:26,6
DA:27,6
DA:28,1
DA:29,1
LF:29
LH:29
BRDA:3,0,0,6
BRDA:4,1,0,30
BRDA:8,2,0,108
BRDA:9,3,0,30
BRDA:11,4,0,78
BRDA:12,5,0,12
BRDA:14,6,0,66
BRDA:15,7,0,30
BRDA:15,8,0,24
BRDA:17,9,0,42
BRDA:18,10,0,18
BRDA:20,11,0,24
BRF:12
BRH:12
end_of_record
TN:
SF:src/utils/normalizePath.js
FN:4,normalizePath
FNF:1
FNH:1
FNDA:12,normalizePath
DA:1,1
DA:2,1
DA:3,1
DA:4,1
DA:5,12
DA:6,12
DA:7,12
DA:8,1
DA:9,1
LF:9
LH:9
BRDA:4,0,0,12
BRF:1
BRH:1
end_of_record
TN:
SF:src/utils/parsers.js
FN:3,parse
FNF:1
FNH:1
FNDA:12,parse
DA:1,1
DA:2,1
DA:3,1
DA:4,12
DA:5,12
DA:6,6
DA:7,12
DA:8,12
DA:9,6
DA:10,12
DA:11,0
DA:12,12
DA:13,12
DA:14,1
DA:15,1
LF:15
LH:14
BRDA:3,0,0,12
BRDA:5,1,0,6
BRDA:7,2,0,0
BRDA:8,3,0,6
BRDA:10,4,0,0
BRF:5
BRH:3
end_of_record
